S-10B Google 0 0.473684 D:38 S:41 I:2
S-10B Kaldi 0 0.269006 D:18 S:26 I:2
S-10B Google 1 0.369565 D:34 S:63 I:5
S-10B Kaldi 1 0.246377 D:13 S:52 I:3
S-10B Google 2 0.310769 D:38 S:61 I:2
S-10B Kaldi 2 0.264615 D:20 S:63 I:3
S-10B Google 3 0.319728 D:35 S:57 I:2
S-10B Kaldi 3 0.275510 D:16 S:61 I:4
S-10B Google 4 0.326531 D:50 S:92 I:2
S-10B Kaldi 4 0.285714 D:24 S:99 I:3
S-10B Google 5 0.302273 D:41 S:82 I:10
S-10B Kaldi 5 0.268182 D:12 S:97 I:9
S-10B Google 6 0.320988 D:22 S:30 I:0
S-10B Kaldi 6 0.253086 D:15 S:24 I:2
S-10B Google 7 0.300847 D:16 S:53 I:2
S-10B Kaldi 7 0.266949 D:18 S:45 I:0
S-10B Google 8 0.330709 D:23 S:61 I:0
S-10B Kaldi 8 0.311024 D:15 S:61 I:3
S-21A Google 0 0.696498 D:97 S:82 I:0
S-21A Kaldi 0 0.505837 D:54 S:75 I:1
S-21A Google 1 0.640152 D:91 S:78 I:0
S-21A Kaldi 1 0.484848 D:41 S:81 I:6
S-21A Google 2 0.636364 D:68 S:50 I:1
S-21A Kaldi 2 0.443850 D:18 S:60 I:5
S-21A Google 3 0.630979 D:142 S:135 I:0
S-21A Kaldi 3 0.441913 D:76 S:112 I:6
S-21A Google 4 0.644711 D:168 S:152 I:3
S-21A Kaldi 4 0.526946 D:81 S:173 I:10
S-21A Google 5 0.675472 D:83 S:96 I:0
S-21A Kaldi 5 0.475472 D:49 S:74 I:3
S-21A Google 6 0.640777 D:42 S:24 I:0
S-21A Kaldi 6 0.495146 D:26 S:25 I:0
S-21A Google 7 0.611111 D:14 S:8 I:0
S-21A Kaldi 7 0.444444 D:5 S:11 I:0
S-21A Google 8 0.461538 D:11 S:7 I:0
S-21A Kaldi 8 0.307692 D:3 S:7 I:2
S-21A Google 9 0.756098 D:17 S:14 I:0
S-21A Kaldi 9 0.512195 D:10 S:11 I:0
S-21A Google 10 0.541899 D:48 S:49 I:0
S-21A Kaldi 10 0.351955 D:23 S:39 I:1
S-21A Google 11 0.668571 D:67 S:50 I:0
S-21A Kaldi 11 0.531429 D:45 S:48 I:0
S-7C Google 0 0.342949 D:58 S:137 I:19
S-7C Kaldi 0 0.274038 D:26 S:110 I:35
S-7C Google 1 0.417633 D:43 S:122 I:15
S-7C Kaldi 1 0.327146 D:14 S:99 I:28
S-7C Google 2 0.306641 D:54 S:97 I:6
S-7C Kaldi 2 0.277344 D:17 S:103 I:22
S-7C Google 3 0.428082 D:113 S:131 I:6
S-7C Kaldi 3 0.327055 D:62 S:117 I:12
S-7C Google 4 0.385167 D:61 S:99 I:1
S-7C Kaldi 4 0.318182 D:32 S:88 I:13
S-7C Google 5 0.385522 D:94 S:128 I:7
S-7C Kaldi 5 0.314815 D:38 S:122 I:27
S-19C Google 0 0.551546 D:39 S:66 I:2
S-19C Kaldi 0 0.474227 D:18 S:48 I:26
S-19C Google 1 0.658537 D:41 S:13 I:0
S-19C Kaldi 1 0.609756 D:15 S:28 I:7
S-19C Google 2 0.470588 D:47 S:55 I:2
S-19C Kaldi 2 0.348416 D:18 S:52 I:7
S-19C Google 3 0.633929 D:31 S:37 I:3
S-19C Kaldi 3 0.473214 D:13 S:35 I:5
S-19C Google 4 0.556420 D:59 S:82 I:2
S-19C Kaldi 4 0.463035 D:27 S:89 I:3
S-19C Google 5 0.622517 D:45 S:42 I:7
S-19C Kaldi 5 0.516556 D:20 S:49 I:9
S-19C Google 6 0.483146 D:16 S:26 I:1
S-19C Kaldi 6 0.505618 D:6 S:31 I:8
S-19C Google 7 0.355932 D:5 S:15 I:1
S-19C Kaldi 7 0.542373 D:3 S:21 I:8
S-19C Google 8 0.338462 D:9 S:13 I:0
S-19C Kaldi 8 0.323077 D:2 S:18 I:1
S-19C Google 9 0.513158 D:20 S:19 I:0
S-19C Kaldi 9 0.526316 D:15 S:22 I:3
S-19C Google 10 0.451613 D:9 S:5 I:0
S-19C Kaldi 10 0.322581 D:2 S:7 I:1
S-19C Google 11 0.611111 D:13 S:19 I:1
S-19C Kaldi 11 0.740741 D:10 S:23 I:7
S-27C Google 0 0.417323 D:77 S:82 I:0
S-27C Kaldi 0 0.283465 D:26 S:69 I:13
S-27C Google 1 0.346278 D:56 S:49 I:2
S-27C Kaldi 1 0.233010 D:17 S:47 I:8
S-27C Google 2 0.391813 D:83 S:49 I:2
S-27C Kaldi 2 0.233918 D:11 S:64 I:5
S-27C Google 3 0.406250 D:97 S:76 I:9
S-27C Kaldi 3 0.261161 D:26 S:75 I:16
S-27C Google 4 0.392465 D:129 S:120 I:1
S-27C Kaldi 4 0.241758 D:39 S:106 I:9
S-27C Google 5 0.370253 D:167 S:178 I:6
S-27C Kaldi 5 0.283755 D:62 S:190 I:17
S-27C Google 6 0.421769 D:37 S:25 I:0
S-27C Kaldi 6 0.326531 D:12 S:34 I:2
S-27C Google 7 0.255319 D:6 S:6 I:0
S-27C Kaldi 7 0.148936 D:1 S:4 I:2
S-27C Google 8 0.516129 D:22 S:26 I:0
S-27C Kaldi 8 0.376344 D:5 S:27 I:3
S-27C Google 9 0.394231 D:24 S:14 I:3
S-27C Kaldi 9 0.336538 D:6 S:26 I:3
S-27C Google 10 0.487805 D:10 S:10 I:0
S-27C Kaldi 10 0.341463 D:5 S:8 I:1
S-27C Google 11 0.456522 D:23 S:18 I:1
S-27C Kaldi 11 0.271739 D:8 S:17 I:0
S-23C Google 0 0.356688 D:21 S:34 I:1
S-23C Kaldi 0 0.331210 D:5 S:44 I:3
S-23C Google 1 0.500000 D:37 S:60 I:1
S-23C Kaldi 1 0.433673 D:16 S:66 I:3
S-23C Google 2 0.429412 D:16 S:56 I:1
S-23C Kaldi 2 0.447059 D:22 S:33 I:21
S-23C Google 3 0.600939 D:50 S:77 I:1
S-23C Kaldi 3 0.507042 D:23 S:80 I:5
S-23C Google 4 0.463675 D:111 S:105 I:1
S-23C Kaldi 4 0.358974 D:39 S:125 I:4
S-23C Google 5 0.408935 D:64 S:54 I:1
S-23C Kaldi 5 0.364261 D:26 S:77 I:3
S-23C Google 6 0.500000 D:11 S:9 I:0
S-23C Kaldi 6 0.275000 D:3 S:8 I:0
S-23C Google 7 0.357143 D:7 S:18 I:0
S-23C Kaldi 7 0.314286 D:2 S:20 I:0
S-23C Google 8 0.404762 D:15 S:18 I:1
S-23C Kaldi 8 0.392857 D:7 S:23 I:3
S-23C Google 9 0.478261 D:2 S:9 I:0
S-23C Kaldi 9 0.347826 D:0 S:6 I:2
S-23C Google 10 0.673913 D:17 S:14 I:0
S-23C Kaldi 10 0.326087 D:1 S:14 I:0
S-23C Google 11 0.489510 D:29 S:40 I:1
S-23C Kaldi 11 0.293706 D:9 S:33 I:0
S-6B Google 0 0.573529 D:32 S:45 I:1
S-6B Kaldi 0 0.455882 D:14 S:42 I:6
S-6B Google 1 0.454082 D:33 S:55 I:1
S-6B Kaldi 1 0.352041 D:14 S:46 I:9
S-6B Google 2 0.357143 D:34 S:65 I:1
S-6B Kaldi 2 0.171429 D:14 S:30 I:4
S-6B Google 3 0.465969 D:35 S:53 I:1
S-6B Kaldi 3 0.308901 D:11 S:40 I:8
S-6B Google 4 0.288835 D:40 S:75 I:4
S-6B Kaldi 4 0.242718 D:12 S:78 I:10
S-6B Google 5 0.292632 D:54 S:78 I:7
S-6B Kaldi 5 0.210526 D:11 S:82 I:7
S-5A Google 0 0.554245 D:108 S:126 I:1
S-5A Kaldi 0 0.375000 D:33 S:98 I:28
S-5A Google 1 0.500000 D:50 S:55 I:1
S-5A Kaldi 1 0.367925 D:15 S:52 I:11
S-5A Google 2 0.475535 D:134 S:169 I:8
S-5A Kaldi 2 0.331804 D:53 S:139 I:25
S-5A Google 3 0.460641 D:82 S:75 I:1
S-5A Kaldi 3 0.326531 D:25 S:81 I:6
S-5A Google 4 0.436306 D:67 S:69 I:1
S-5A Kaldi 4 0.328025 D:20 S:77 I:6
S-5A Google 5 0.512821 D:99 S:140 I:1
S-5A Kaldi 5 0.333333 D:42 S:103 I:11
S-11C Google 0 0.299465 D:26 S:28 I:2
S-11C Kaldi 0 0.256684 D:4 S:38 I:6
S-11C Google 1 0.433566 D:33 S:29 I:0
S-11C Kaldi 1 0.307692 D:6 S:30 I:8
S-11C Google 2 0.301105 D:33 S:76 I:0
S-11C Kaldi 2 0.267956 D:19 S:71 I:7
S-11C Google 3 0.289817 D:59 S:52 I:0
S-11C Kaldi 3 0.268930 D:25 S:74 I:4
S-11C Google 4 0.254448 D:47 S:95 I:1
S-11C Kaldi 4 0.217082 D:21 S:98 I:3
S-11C Google 5 0.247059 D:49 S:75 I:2
S-11C Kaldi 5 0.194118 D:18 S:74 I:7
S-11C Google 6 0.289855 D:24 S:35 I:1
S-11C Kaldi 6 0.260870 D:12 S:37 I:5
S-11C Google 7 0.298805 D:25 S:49 I:1
S-11C Kaldi 7 0.195219 D:11 S:37 I:1
S-11C Google 8 0.254902 D:12 S:13 I:1
S-11C Kaldi 8 0.333333 D:3 S:26 I:5
S-16D Google 0 0.289655 D:18 S:64 I:2
S-16D Kaldi 0 0.262069 D:8 S:59 I:9
S-16D Google 1 0.231884 D:44 S:67 I:1
S-16D Kaldi 1 0.285714 D:25 S:102 I:11
S-16D Google 2 0.266423 D:29 S:42 I:2
S-16D Kaldi 2 0.306569 D:7 S:63 I:14
S-16D Google 3 0.231423 D:37 S:70 I:2
S-16D Kaldi 3 0.222930 D:14 S:71 I:20
S-16D Google 4 0.245283 D:32 S:57 I:2
S-16D Kaldi 4 0.266846 D:12 S:71 I:16
S-16D Google 5 0.194757 D:15 S:36 I:1
S-16D Kaldi 5 0.325843 D:3 S:59 I:25
S-16D Google 6 0.386792 D:20 S:21 I:0
S-16D Kaldi 6 0.433962 D:8 S:26 I:12
S-16D Google 7 0.234043 D:2 S:8 I:1
S-16D Kaldi 7 0.468085 D:0 S:12 I:10
S-16D Google 8 0.262295 D:12 S:19 I:1
S-16D Kaldi 8 0.319672 D:7 S:21 I:11
S-16D Google 9 0.363636 D:4 S:4 I:0
S-16D Kaldi 9 0.409091 D:0 S:6 I:3
S-16D Google 10 0.405405 D:3 S:11 I:1
S-16D Kaldi 10 0.351351 D:1 S:8 I:4
S-16D Google 11 0.208333 D:7 S:8 I:0
S-16D Kaldi 11 0.375000 D:1 S:14 I:12
S-16D Google 12 0.230769 D:3 S:6 I:0
S-16D Kaldi 12 0.358974 D:0 S:7 I:7
S-20D Google 0 0.508065 D:62 S:64 I:0
S-20D Kaldi 0 0.483871 D:33 S:77 I:10
S-20D Google 1 0.436667 D:48 S:80 I:3
S-20D Kaldi 1 0.313333 D:28 S:60 I:6
S-20D Google 2 0.478261 D:79 S:64 I:0
S-20D Kaldi 2 0.391304 D:27 S:86 I:4
S-20D Google 3 0.423423 D:41 S:52 I:1
S-20D Kaldi 3 0.486486 D:30 S:78 I:0
S-20D Google 4 0.405063 D:98 S:180 I:10
S-20D Kaldi 4 0.361463 D:39 S:193 I:25
S-20D Google 5 0.440000 D:80 S:89 I:7
S-20D Kaldi 5 0.360000 D:32 S:97 I:15
S-20D Google 6 0.681818 D:11 S:4 I:0
S-20D Kaldi 6 1.045455 D:1 S:13 I:9
S-20D Google 7 0.820513 D:9 S:23 I:0
S-20D Kaldi 7 0.743590 D:2 S:19 I:8
S-20D Google 8 0.473684 D:3 S:6 I:0
S-20D Kaldi 8 0.368421 D:3 S:4 I:0
S-20D Google 9 0.520548 D:12 S:21 I:5
S-20D Kaldi 9 0.602740 D:7 S:25 I:12
S-20D Google 10 0.483516 D:11 S:33 I:0
S-20D Kaldi 10 0.571429 D:7 S:32 I:13
S-20D Google 11 0.573529 D:8 S:29 I:2
S-20D Kaldi 11 0.441176 D:4 S:22 I:4
S-29A Google 0 0.310345 D:33 S:38 I:1
S-29A Kaldi 0 0.193966 D:7 S:34 I:4
S-29A Google 1 0.299242 D:38 S:40 I:1
S-29A Kaldi 1 0.223485 D:12 S:45 I:2
S-29A Google 2 0.384328 D:75 S:28 I:0
S-29A Kaldi 2 0.201493 D:8 S:45 I:1
S-29A Google 3 0.296552 D:41 S:45 I:0
S-29A Kaldi 3 0.158621 D:7 S:37 I:2
S-29A Google 4 0.299790 D:81 S:56 I:6
S-29A Kaldi 4 0.222222 D:13 S:82 I:11
S-29A Google 5 0.277344 D:34 S:35 I:2
S-29A Kaldi 5 0.171875 D:9 S:32 I:3
S-29A Google 6 0.241379 D:5 S:2 I:0
S-29A Kaldi 6 0.172414 D:0 S:3 I:2
S-29A Google 7 0.243243 D:6 S:12 I:0
S-29A Kaldi 7 0.256757 D:0 S:17 I:2
S-29A Google 8 0.208333 D:9 S:6 I:0
S-29A Kaldi 8 0.250000 D:2 S:14 I:2
S-29A Google 9 0.542857 D:8 S:9 I:2
S-29A Kaldi 9 0.142857 D:2 S:3 I:0
S-29A Google 10 0.254237 D:5 S:9 I:1
S-29A Kaldi 10 0.220339 D:0 S:13 I:0
S-29A Google 11 0.304348 D:7 S:7 I:0
S-29A Kaldi 11 0.347826 D:5 S:11 I:0
S-14B Google 0 0.445483 D:63 S:79 I:1
S-14B Kaldi 0 0.392523 D:21 S:89 I:16
S-14B Google 1 0.460843 D:67 S:85 I:1
S-14B Kaldi 1 0.388554 D:37 S:83 I:9
S-14B Google 2 0.405145 D:49 S:72 I:5
S-14B Kaldi 2 0.340836 D:21 S:76 I:9
S-14B Google 3 0.551181 D:26 S:44 I:0
S-14B Kaldi 3 0.503937 D:10 S:43 I:11
S-14B Google 4 0.488372 D:60 S:85 I:2
S-14B Kaldi 4 0.375415 D:22 S:80 I:11
S-14B Google 5 0.374718 D:63 S:96 I:7
S-14B Kaldi 5 0.300226 D:22 S:95 I:16
S-14B Google 6 0.428571 D:17 S:10 I:0
S-14B Kaldi 6 0.428571 D:5 S:19 I:3
S-14B Google 7 0.291139 D:10 S:12 I:1
S-14B Kaldi 7 0.379747 D:2 S:22 I:6
S-14B Google 8 0.379310 D:7 S:4 I:0
S-14B Kaldi 8 0.379310 D:5 S:5 I:1
S-32D Google 0 0.551111 D:52 S:60 I:12
S-32D Kaldi 0 0.448889 D:17 S:59 I:25
S-32D Google 1 0.406143 D:67 S:52 I:0
S-32D Kaldi 1 0.273038 D:19 S:57 I:4
S-32D Google 2 0.500000 D:61 S:55 I:0
S-32D Kaldi 2 0.396552 D:29 S:54 I:9
S-32D Google 3 0.433962 D:77 S:38 I:0
S-32D Kaldi 3 0.260377 D:14 S:48 I:7
S-32D Google 4 0.578358 D:112 S:43 I:0
S-32D Kaldi 4 0.328358 D:20 S:62 I:6
S-32D Google 5 0.395122 D:42 S:36 I:3
S-32D Kaldi 5 0.248780 D:8 S:38 I:5
S-32D Google 6 0.647059 D:27 S:17 I:0
S-32D Kaldi 6 0.352941 D:13 S:11 I:0
S-32D Google 7 0.500000 D:33 S:19 I:0
S-32D Kaldi 7 0.394231 D:18 S:23 I:0
S-32D Google 8 0.428571 D:6 S:6 I:0
S-32D Kaldi 8 0.214286 D:2 S:2 I:2
S-32D Google 9 0.397436 D:28 S:33 I:1
S-32D Kaldi 9 0.320513 D:16 S:33 I:1
S-32D Google 10 0.846154 D:7 S:3 I:1
S-32D Kaldi 10 0.384615 D:0 S:5 I:0
S-32D Google 11 0.571429 D:8 S:15 I:9
S-32D Kaldi 11 0.392857 D:4 S:10 I:8
S-22B Google 0 0.481308 D:55 S:46 I:2
S-22B Kaldi 0 0.317757 D:16 S:48 I:4
S-22B Google 1 0.366812 D:44 S:37 I:3
S-22B Kaldi 1 0.279476 D:6 S:52 I:6
S-22B Google 2 0.430314 D:106 S:134 I:7
S-22B Kaldi 2 0.264808 D:26 S:110 I:16
S-22B Google 3 0.425101 D:61 S:43 I:1
S-22B Kaldi 3 0.242915 D:14 S:40 I:6
S-22B Google 4 0.488095 D:91 S:73 I:0
S-22B Kaldi 4 0.309524 D:32 S:70 I:2
S-22B Google 5 0.446866 D:87 S:75 I:2
S-22B Kaldi 5 0.288828 D:14 S:84 I:8
S-22B Google 6 0.575758 D:10 S:9 I:0
S-22B Kaldi 6 0.363636 D:5 S:7 I:0
S-22B Google 7 0.376543 D:19 S:42 I:0
S-22B Kaldi 7 0.253086 D:8 S:32 I:1
S-22B Google 8 0.372727 D:42 S:39 I:1
S-22B Kaldi 8 0.272727 D:11 S:46 I:3
S-22B Google 9 0.295455 D:9 S:4 I:0
S-22B Kaldi 9 0.159091 D:2 S:4 I:1
S-22B Google 10 0.343284 D:29 S:39 I:1
S-22B Kaldi 10 0.318408 D:8 S:55 I:1
S-22B Google 11 0.463054 D:39 S:52 I:3
S-22B Kaldi 11 0.231527 D:7 S:35 I:5
S-4D Google 0 0.544885 D:125 S:124 I:12
S-4D Kaldi 0 0.467641 D:49 S:138 I:37
S-4D Google 1 0.561743 D:106 S:126 I:0
S-4D Kaldi 1 0.474576 D:47 S:115 I:34
S-4D Google 2 0.550489 D:80 S:88 I:1
S-4D Kaldi 2 0.403909 D:40 S:74 I:10
S-4D Google 3 0.517751 D:78 S:96 I:1
S-4D Kaldi 3 0.384615 D:38 S:87 I:5
S-4D Google 4 0.533482 D:100 S:139 I:0
S-4D Kaldi 4 0.406250 D:58 S:110 I:14
S-4D Google 5 0.596200 D:114 S:136 I:1
S-4D Kaldi 5 0.472684 D:46 S:133 I:20
S-8D Google 0 0.432099 D:48 S:56 I:1
S-8D Kaldi 0 0.213992 D:9 S:35 I:8
S-8D Google 1 0.365546 D:40 S:46 I:1
S-8D Kaldi 1 0.226891 D:11 S:38 I:5
S-8D Google 2 0.326139 D:75 S:59 I:2
S-8D Kaldi 2 0.235012 D:24 S:63 I:11
S-8D Google 3 0.391403 D:83 S:89 I:1
S-8D Kaldi 3 0.282805 D:31 S:87 I:7
S-8D Google 4 0.375000 D:70 S:110 I:6
S-8D Kaldi 4 0.274194 D:22 S:98 I:16
S-8D Google 5 0.325843 D:61 S:82 I:2
S-8D Kaldi 5 0.204494 D:17 S:68 I:6
S-3C Google 0 0.380488 D:20 S:53 I:5
S-3C Kaldi 0 0.380488 D:7 S:57 I:14
S-3C Google 1 0.345588 D:22 S:22 I:3
S-3C Kaldi 1 0.367647 D:8 S:29 I:13
S-3C Google 2 0.395062 D:62 S:59 I:7
S-3C Kaldi 2 0.336420 D:16 S:76 I:17
S-3C Google 3 0.321101 D:17 S:50 I:3
S-3C Kaldi 3 0.284404 D:8 S:45 I:9
S-3C Google 4 0.407674 D:45 S:117 I:8
S-3C Kaldi 4 0.314149 D:10 S:110 I:11
S-3C Google 5 0.389344 D:42 S:51 I:2
S-3C Kaldi 5 0.331967 D:18 S:56 I:7
S-12D Google 0 0.570175 D:32 S:33 I:0
S-12D Kaldi 0 0.307018 D:9 S:25 I:1
S-12D Google 1 0.561644 D:43 S:38 I:1
S-12D Kaldi 1 0.349315 D:9 S:39 I:3
S-12D Google 2 0.455696 D:14 S:22 I:0
S-12D Kaldi 2 0.278481 D:6 S:13 I:3
S-12D Google 3 0.583333 D:20 S:29 I:0
S-12D Kaldi 3 0.333333 D:10 S:16 I:2
S-12D Google 4 0.440000 D:34 S:43 I:0
S-12D Kaldi 4 0.308571 D:10 S:44 I:0
S-12D Google 5 0.582192 D:41 S:44 I:0
S-12D Kaldi 5 0.363014 D:16 S:36 I:1
S-18B Google 0 0.402256 D:46 S:61 I:0
S-18B Kaldi 0 0.334586 D:12 S:52 I:25
S-18B Google 1 0.378995 D:39 S:41 I:3
S-18B Kaldi 1 0.260274 D:10 S:33 I:14
S-18B Google 2 0.449102 D:29 S:43 I:3
S-18B Kaldi 2 0.329341 D:3 S:42 I:10
S-18B Google 3 0.424370 D:43 S:55 I:3
S-18B Kaldi 3 0.323529 D:10 S:53 I:14
S-18B Google 4 0.343284 D:42 S:47 I:3
S-18B Kaldi 4 0.324627 D:22 S:52 I:13
S-18B Google 5 0.342857 D:44 S:50 I:2
S-18B Kaldi 5 0.239286 D:11 S:46 I:10
S-18B Google 6 0.357143 D:12 S:27 I:1
S-18B Kaldi 6 0.205357 D:8 S:10 I:5
S-18B Google 7 0.364583 D:15 S:50 I:5
S-18B Kaldi 7 0.291667 D:10 S:36 I:10
S-18B Google 8 0.461538 D:9 S:9 I:0
S-18B Kaldi 8 0.358974 D:4 S:10 I:0
S-18B Google 9 1.000000 D:0 S:8 I:1
S-18B Kaldi 9 0.888889 D:0 S:5 I:3
S-18B Google 10 0.276923 D:7 S:11 I:0
S-18B Kaldi 10 0.507692 D:2 S:17 I:14
S-18B Google 11 0.388158 D:16 S:42 I:1
S-18B Kaldi 11 0.348684 D:8 S:30 I:15
S-26B Google 0 0.463415 D:17 S:21 I:0
S-26B Kaldi 0 0.280488 D:4 S:17 I:2
S-26B Google 1 0.439331 D:47 S:58 I:0
S-26B Kaldi 1 0.322176 D:13 S:57 I:7
S-26B Google 2 0.444853 D:40 S:77 I:4
S-26B Kaldi 2 0.319853 D:15 S:62 I:10
S-26B Google 3 0.540741 D:29 S:43 I:1
S-26B Kaldi 3 0.451852 D:11 S:45 I:5
S-26B Google 4 0.456140 D:48 S:78 I:4
S-26B Kaldi 4 0.329825 D:21 S:72 I:1
S-26B Google 5 0.558140 D:78 S:136 I:2
S-26B Kaldi 5 0.449612 D:53 S:115 I:6
S-26B Google 6 0.352601 D:34 S:27 I:0
S-26B Kaldi 6 0.300578 D:12 S:38 I:2
S-26B Google 7 0.422680 D:13 S:28 I:0
S-26B Kaldi 7 0.350515 D:2 S:29 I:3
S-26B Google 8 0.392857 D:14 S:27 I:3
S-26B Kaldi 8 0.267857 D:10 S:16 I:4
S-26B Google 9 0.428571 D:3 S:9 I:0
S-26B Kaldi 9 0.428571 D:1 S:11 I:0
S-26B Google 10 0.647727 D:15 S:40 I:2
S-26B Kaldi 10 0.443182 D:8 S:27 I:4
S-26B Google 11 0.714286 D:4 S:1 I:0
S-26B Kaldi 11 0.285714 D:1 S:1 I:0
S-30B Google 0 0.435644 D:39 S:48 I:1
S-30B Kaldi 0 0.351485 D:13 S:54 I:4
S-30B Google 1 0.434783 D:32 S:26 I:2
S-30B Kaldi 1 0.282609 D:5 S:27 I:7
S-30B Google 2 0.264085 D:36 S:38 I:1
S-30B Kaldi 2 0.214789 D:11 S:46 I:4
S-30B Google 3 0.306383 D:28 S:43 I:1
S-30B Kaldi 3 0.259574 D:12 S:45 I:4
S-30B Google 4 0.358696 D:71 S:93 I:1
S-30B Kaldi 4 0.295652 D:36 S:96 I:4
S-30B Google 5 0.311715 D:76 S:68 I:5
S-30B Kaldi 5 0.278243 D:29 S:102 I:2
S-30B Google 6 0.339623 D:10 S:8 I:0
S-30B Kaldi 6 0.264151 D:4 S:10 I:0
S-30B Google 7 0.397260 D:10 S:19 I:0
S-30B Kaldi 7 0.232877 D:2 S:14 I:1
S-30B Google 8 0.333333 D:7 S:2 I:0
S-30B Kaldi 8 0.333333 D:2 S:6 I:1
S-30B Google 9 0.560000 D:17 S:11 I:0
S-30B Kaldi 9 0.180000 D:2 S:7 I:0
S-30B Google 10 0.625000 D:9 S:6 I:0
S-30B Kaldi 10 0.250000 D:1 S:5 I:0
S-30B Google 11 0.500000 D:15 S:11 I:0
S-30B Kaldi 11 0.384615 D:6 S:11 I:3
S-2B Google 0 0.532609 D:33 S:16 I:0
S-2B Kaldi 0 0.434783 D:8 S:26 I:6
S-2B Google 1 0.625000 D:42 S:28 I:0
S-2B Kaldi 1 0.508929 D:20 S:32 I:5
S-2B Google 2 0.586864 D:118 S:155 I:4
S-2B Kaldi 2 0.440678 D:66 S:127 I:15
S-2B Google 3 0.529412 D:43 S:47 I:0
S-2B Kaldi 3 0.429412 D:18 S:55 I:0
S-2B Google 4 0.513043 D:79 S:96 I:2
S-2B Kaldi 4 0.428986 D:37 S:103 I:8
S-2B Google 5 0.521645 D:139 S:99 I:3
S-2B Kaldi 5 0.363636 D:51 S:115 I:2
S-17A Google 0 0.371849 D:75 S:100 I:2
S-17A Kaldi 0 0.275210 D:19 S:105 I:7
S-17A Google 1 0.306759 D:65 S:108 I:4
S-17A Kaldi 1 0.244367 D:19 S:118 I:4
S-17A Google 2 0.264331 D:36 S:44 I:3
S-17A Kaldi 2 0.191083 D:6 S:51 I:3
S-17A Google 3 0.348760 D:64 S:142 I:5
S-17A Kaldi 3 0.251240 D:17 S:123 I:12
S-17A Google 4 0.337008 D:79 S:132 I:3
S-17A Kaldi 4 0.253543 D:25 S:132 I:4
S-17A Google 5 0.347962 D:52 S:58 I:1
S-17A Kaldi 5 0.241379 D:13 S:58 I:6
S-17A Google 6 0.392996 D:29 S:66 I:6
S-17A Kaldi 6 0.249027 D:4 S:53 I:7
S-17A Google 7 0.383984 D:48 S:133 I:6
S-17A Kaldi 7 0.223819 D:17 S:83 I:9
S-17A Google 8 0.333333 D:31 S:40 I:5
S-17A Kaldi 8 0.184211 D:5 S:34 I:3
S-17A Google 9 0.278215 D:40 S:63 I:3
S-17A Kaldi 9 0.215223 D:14 S:64 I:4
S-17A Google 10 0.242537 D:39 S:84 I:7
S-17A Kaldi 10 0.238806 D:13 S:110 I:5
S-17A Google 11 0.250000 D:5 S:16 I:0
S-17A Kaldi 11 0.226190 D:3 S:15 I:1
S-15C Google 0 0.365957 D:32 S:52 I:2
S-15C Kaldi 0 0.251064 D:5 S:44 I:10
S-15C Google 1 0.281250 D:29 S:40 I:3
S-15C Kaldi 1 0.269531 D:9 S:51 I:9
S-15C Google 2 0.361809 D:19 S:48 I:5
S-15C Kaldi 2 0.276382 D:10 S:36 I:9
S-15C Google 3 0.330275 D:26 S:42 I:4
S-15C Kaldi 3 0.201835 D:7 S:32 I:5
S-15C Google 4 0.216036 D:39 S:54 I:4
S-15C Kaldi 4 0.282851 D:9 S:108 I:10
S-15C Google 5 0.353982 D:43 S:71 I:6
S-15C Kaldi 5 0.253687 D:16 S:64 I:6
S-15C Google 6 0.454545 D:2 S:4 I:4
S-15C Kaldi 6 0.727273 D:3 S:5 I:8
S-15C Google 7 0.606061 D:18 S:29 I:13
S-15C Kaldi 7 0.414141 D:3 S:17 I:21
S-15C Google 8 0.240550 D:21 S:42 I:7
S-15C Kaldi 8 0.261168 D:10 S:48 I:18
S-24D Google 0 0.541126 D:53 S:72 I:0
S-24D Kaldi 0 0.341991 D:13 S:61 I:5
S-24D Google 1 0.415686 D:48 S:57 I:1
S-24D Kaldi 1 0.333333 D:19 S:58 I:8
S-24D Google 2 0.456044 D:56 S:100 I:10
S-24D Kaldi 2 0.293956 D:22 S:74 I:11
S-24D Google 3 0.408120 D:75 S:111 I:5
S-24D Kaldi 3 0.324786 D:28 S:111 I:13
S-24D Google 4 0.431118 D:113 S:151 I:2
S-24D Kaldi 4 0.358185 D:25 S:166 I:30
S-24D Google 5 0.469474 D:79 S:139 I:5
S-24D Kaldi 5 0.341053 D:31 S:115 I:16
S-24D Google 6 0.461538 D:18 S:18 I:0
S-24D Kaldi 6 0.269231 D:4 S:16 I:1
S-24D Google 7 0.580000 D:2 S:21 I:6
S-24D Kaldi 7 0.540000 D:1 S:12 I:14
S-24D Google 8 0.296296 D:8 S:8 I:0
S-24D Kaldi 8 0.240741 D:5 S:5 I:3
S-24D Google 9 0.580420 D:23 S:60 I:0
S-24D Kaldi 9 0.426573 D:4 S:33 I:24
S-24D Google 10 0.479452 D:16 S:19 I:0
S-24D Kaldi 10 0.260274 D:1 S:14 I:4
S-24D Google 11 0.526316 D:21 S:24 I:5
S-24D Kaldi 11 0.494737 D:8 S:30 I:9
FINAL KALDI AVG = 0.3397 +- 0.1172
FINAL GOOGLE WER = 0.4317 +- 0.1273
